<?xml version="1.0" encoding="UTF-8"?>
<!-- Generated by org.testng.reporters.JUnitReportReporter -->
<testsuite hostname="DESKTOP-2TJPGC5" failures="0" tests="1" name="TestNGTest.testNGClass" time="0.017" errors="0" timestamp="2023-01-26T11:57:30 IST" skipped="0">
  <testcase classname="TestNGTest.testNGClass" name="test" time="0.017"/>
  <system-out/>
</testsuite> <!-- TestNGTest.testNGClass -->
